#
# There is insufficient memory for the Java Runtime Environment to continue.
# Native memory allocation (malloc) failed to allocate 867216 bytes for Chunk::new
# Possible reasons:
#   The system is out of physical RAM or swap space
#   In 32 bit mode, the process size limit was hit
# Possible solutions:
#   Reduce memory load on the system
#   Increase physical memory or swap space
#   Check if swap backing store is full
#   Use 64 bit Java on a 64 bit OS
#   Decrease Java heap size (-Xmx/-Xms)
#   Decrease number of Java threads
#   Decrease Java thread stack sizes (-Xss)
#   Set larger code cache with -XX:ReservedCodeCacheSize=
# This output file may be truncated or incomplete.
#
#  Out of Memory Error (allocation.cpp:390), pid=4104, tid=0x0000000000000b40
#
# JRE version: OpenJDK Runtime Environment (8.0_152-b01) (build 1.8.0_152-release-1343-b01)
# Java VM: OpenJDK 64-Bit Server VM (25.152-b01 mixed mode windows-amd64 compressed oops)
# Failed to write core dump. Minidumps are not enabled by default on client versions of Windows
#

---------------  T H R E A D  ---------------

Current thread (0x000000001657f800):  JavaThread "C2 CompilerThread0" daemon [_thread_in_native, id=2880, stack(0x0000000017f60000,0x0000000018060000)]

Stack: [0x0000000017f60000,0x0000000018060000]
[error occurred during error reporting (printing stack bounds), id 0xc0000005]

Native frames: (J=compiled Java code, j=interpreted, Vv=VM code, C=native code)


Current CompileTask:
C2:4669371 23927       4       com.android.tools.r8.graph.DexMethod::collectIndexedItemsExceptName (34 bytes)


---------------  P R O C E S S  ---------------

Java Threads: ( => current thread )
  0x000000001c20a000 JavaThread "ForkJoinPool-6-worker-0" daemon [_thread_in_Java, id=212, stack(0x0000000036820000,0x0000000036920000)]
  0x000000001c209800 JavaThread "ForkJoinPool-6-worker-3" daemon [_thread_blocked, id=10248, stack(0x0000000036720000,0x0000000036820000)]
  0x000000001c208800 JavaThread "ForkJoinPool-6-worker-2" daemon [_thread_blocked, id=11928, stack(0x0000000036620000,0x0000000036720000)]
  0x000000001c20b800 JavaThread "ForkJoinPool-6-worker-1" daemon [_thread_blocked, id=8852, stack(0x0000000036520000,0x0000000036620000)]
  0x000000001c200800 JavaThread "ForkJoinPool.commonPool-worker-0" daemon [_thread_blocked, id=6140, stack(0x0000000036420000,0x0000000036520000)]
  0x000000001c207000 JavaThread "ForkJoinPool.commonPool-worker-3" daemon [_thread_blocked, id=8544, stack(0x0000000036320000,0x0000000036420000)]
  0x000000001c1ff800 JavaThread "Cache worker for Java compile cache (C:\Users\Administrator\Documents\GitHub\RoadTrip\.gradle\5.1.1\javaCompile)" [_thread_blocked, id=7188, stack(0x0000000036220000,0x0000000036320000)]
  0x000000001c206800 JavaThread "Cache worker for execution history cache (C:\Users\Administrator\Documents\GitHub\RoadTrip\.gradle\5.1.1\executionHistory)" [_thread_blocked, id=1976, stack(0x0000000036120000,0x0000000036220000)]
  0x000000001c1fe800 JavaThread "Execution worker for ':' Thread 3" [_thread_blocked, id=11296, stack(0x0000000036020000,0x0000000036120000)]
  0x000000001c205800 JavaThread "Execution worker for ':' Thread 2" [_thread_blocked, id=336, stack(0x0000000035f20000,0x0000000036020000)]
  0x000000001c204000 JavaThread "Execution worker for ':'" [_thread_blocked, id=1268, stack(0x0000000035e20000,0x0000000035f20000)]
  0x0000000019d13000 JavaThread "Cache worker for file content cache (C:\Users\Administrator\Documents\GitHub\RoadTrip\.gradle\5.1.1\fileContent)" [_thread_blocked, id=8560, stack(0x0000000035d20000,0x0000000035e20000)]
  0x0000000019d12000 JavaThread "Cache worker for Build Output Cleanup Cache (C:\Users\Administrator\Documents\GitHub\RoadTrip\.gradle\buildOutputCleanup)" [_thread_blocked, id=8248, stack(0x0000000035c20000,0x0000000035d20000)]
  0x0000000019d0e800 JavaThread "Build operations Thread 4" [_thread_blocked, id=1788, stack(0x0000000035b20000,0x0000000035c20000)]
  0x0000000019d11800 JavaThread "Build operations Thread 3" [_thread_blocked, id=1380, stack(0x0000000035a20000,0x0000000035b20000)]
  0x0000000019d0d800 JavaThread "Build operations Thread 2" [_thread_blocked, id=8356, stack(0x0000000035920000,0x0000000035a20000)]
  0x0000000019d10800 JavaThread "Build operations" [_thread_blocked, id=6940, stack(0x0000000035820000,0x0000000035920000)]
  0x0000000019d13800 JavaThread "Cache worker for cache directory md-rule (C:\Users\Administrator\.gradle\caches\5.1.1\md-rule)" [_thread_blocked, id=12080, stack(0x0000000035720000,0x0000000035820000)]
  0x0000000019d06000 JavaThread "Cache worker for cache directory md-supplier (C:\Users\Administrator\.gradle\caches\5.1.1\md-supplier)" [_thread_blocked, id=8856, stack(0x0000000035620000,0x0000000035720000)]
  0x0000000019d0d000 JavaThread "Cache worker for file hash cache (C:\Users\Administrator\Documents\GitHub\RoadTrip\.gradle\5.1.1\fileHashes)" [_thread_blocked, id=11872, stack(0x0000000035520000,0x0000000035620000)]
  0x0000000019d05800 JavaThread "Thread-202" [_thread_blocked, id=1240, stack(0x0000000035420000,0x0000000035520000)]
  0x0000000019d0c000 JavaThread "Stdin handler" [_thread_blocked, id=11556, stack(0x0000000035320000,0x0000000035420000)]
  0x0000000019d0a000 JavaThread "Asynchronous log dispatcher for DefaultDaemonConnection: socket connection from /127.0.0.1:50757 to /127.0.0.1:51177" [_thread_blocked, id=8868, stack(0x0000000035220000,0x0000000035320000)]
  0x0000000019d07800 JavaThread "Daemon worker Thread 9" [_thread_blocked, id=6964, stack(0x0000000035120000,0x0000000035220000)]
  0x0000000019d04800 JavaThread "Cancel handler" [_thread_blocked, id=4332, stack(0x0000000035020000,0x0000000035120000)]
  0x0000000018890000 JavaThread "Handler for socket connection from /127.0.0.1:50757 to /127.0.0.1:51177" [_thread_in_native, id=9276, stack(0x0000000034f20000,0x0000000035020000)]
  0x000000001888e800 JavaThread "Daemon Thread 9" [_thread_blocked, id=756, stack(0x0000000034e20000,0x0000000034f20000)]
  0x000000001c205000 JavaThread "Cache worker for Java compile cache (C:\Users\Administrator\.gradle\caches\5.1.1\javaCompile)" [_thread_blocked, id=11400, stack(0x0000000026750000,0x0000000026850000)]
  0x0000000018891800 JavaThread "Cache worker for file content cache (C:\Users\Administrator\.gradle\caches\5.1.1\fileContent)" [_thread_blocked, id=7648, stack(0x0000000026150000,0x0000000026250000)]
  0x000000001a91c000 JavaThread "Memory manager" [_thread_blocked, id=860, stack(0x00000000222a0000,0x00000000223a0000)]
  0x0000000018892800 JavaThread "Cache worker for execution history cache (C:\Users\Administrator\.gradle\caches\5.1.1\executionHistory)" [_thread_blocked, id=10128, stack(0x000000001fee0000,0x000000001ffe0000)]
  0x000000001888e000 JavaThread "Cache worker for journal cache (C:\Users\Administrator\.gradle\caches\journal-1)" [_thread_blocked, id=6596, stack(0x000000001bbe0000,0x000000001bce0000)]
  0x000000001888f800 JavaThread "File lock request listener" [_thread_in_native, id=856, stack(0x000000001bae0000,0x000000001bbe0000)]
  0x0000000019881000 JavaThread "Cache worker for file hash cache (C:\Users\Administrator\.gradle\caches\5.1.1\fileHashes)" [_thread_blocked, id=11248, stack(0x000000001b9e0000,0x000000001bae0000)]
  0x00000000196f1800 JavaThread "Daemon periodic checks" [_thread_blocked, id=4140, stack(0x000000001afe0000,0x000000001b0e0000)]
  0x00000000196f0800 JavaThread "Incoming local TCP Connector on port 50757" [_thread_in_native, id=4136, stack(0x000000001ae00000,0x000000001af00000)]
  0x00000000179de000 JavaThread "Service Thread" daemon [_thread_blocked, id=1028, stack(0x0000000018260000,0x0000000018360000)]
  0x000000001798c000 JavaThread "C1 CompilerThread2" daemon [_thread_blocked, id=5824, stack(0x0000000018160000,0x0000000018260000)]
  0x000000001796c800 JavaThread "C2 CompilerThread1" daemon [_thread_in_native, id=6188, stack(0x0000000018060000,0x0000000018160000)]
=>0x000000001657f800 JavaThread "C2 CompilerThread0" daemon [_thread_in_native, id=2880, stack(0x0000000017f60000,0x0000000018060000)]
  0x000000001657e800 JavaThread "Attach Listener" daemon [_thread_blocked, id=5632, stack(0x0000000017e60000,0x0000000017f60000)]
  0x0000000016568800 JavaThread "Signal Dispatcher" daemon [_thread_blocked, id=4936, stack(0x0000000017d60000,0x0000000017e60000)]
  0x0000000002bfc000 JavaThread "Finalizer" daemon [_thread_blocked, id=5592, stack(0x00000000177d0000,0x00000000178d0000)]
  0x0000000002bf1000 JavaThread "Reference Handler" daemon [_thread_blocked, id=5444, stack(0x00000000176d0000,0x00000000177d0000)]
  0x0000000002b02800 JavaThread "main" [_thread_blocked, id=1668, stack(0x0000000002a00000,0x0000000002b00000)]

Other Threads:
  0x0000000016537800 VMThread [stack: 0x00000000175d0000,0x00000000176d0000] [id=5416]
  0x0000000017a0f000 WatcherThread [stack: 0x0000000018360000,0x0000000018460000] [id=6652]

VM state:not at safepoint (normal execution)

VM Mutex/Monitor currently owned by a thread: None

Heap:
 PSYoungGen      total 349696K, used 164269K [0x00000000e0000000, 0x00000000f8f80000, 0x0000000100000000)
  eden space 303616K, 47% used [0x00000000e0000000,0x00000000e8d22970,0x00000000f2880000)
  from space 46080K, 42% used [0x00000000f2880000,0x00000000f3bc8b88,0x00000000f5580000)
  to   space 43520K, 0% used [0x00000000f6500000,0x00000000f6500000,0x00000000f8f80000)
 ParOldGen       total 117760K, used 83865K [0x00000000a0000000, 0x00000000a7300000, 0x00000000e0000000)
  object space 117760K, 71% used [0x00000000a0000000,0x00000000a51e6540,0x00000000a7300000)
 Metaspace       used 136084K, capacity 143248K, committed 143384K, reserved 1173504K
  class space    used 17400K, capacity 18659K, committed 18712K, reserved 1048576K

Card table byte_map: [0x0000000011fc0000,0x00000000122d0000] byte_map_base: 0x0000000011ac0000

Marking Bits: (ParMarkBitMap*) 0x0000000070745aa0
 Begin Bits: [0x00000000128d0000, 0x00000000140d0000)
 End Bits:   [0x00000000140d0000, 0x00000000158d0000)

Polling page: 0x0000000000980000

CodeCache: size=245760Kb used=60560Kb max_used=60560Kb free=185200Kb
 bounds [0x0000000002c00000, 0x0000000006780000, 0x0000000011c00000]
 total_blobs=20237 nmethods=19370 adapters=778
 compilation: enabled

Compilation events (10 events):
Event: 4667.406 Thread 0x000000001798c000 23935       3       com.android.tools.r8.code.DivFloat2Addr::collectIndexedItems (8 bytes)
Event: 4667.406 Thread 0x000000001798c000 nmethod 23935 0x00000000067764d0 code [0x0000000006776620, 0x00000000067767d0]
Event: 4667.419 Thread 0x000000001798c000 23937       3       com.android.tools.r8.code.MonitorEnter::collectIndexedItems (8 bytes)
Event: 4667.419 Thread 0x000000001798c000 nmethod 23937 0x0000000006776110 code [0x0000000006776260, 0x0000000006776410]
Event: 4667.419 Thread 0x000000001798c000 23938       3       com.android.tools.r8.code.NegInt::collectIndexedItems (8 bytes)
Event: 4667.419 Thread 0x000000001798c000 nmethod 23938 0x0000000006775d50 code [0x0000000006775ea0, 0x0000000006776050]
Event: 4667.427 Thread 0x000000001798c000 23940       2       com.android.tools.r8.code.AndInt2Addr::collectIndexedItems (8 bytes)
Event: 4667.428 Thread 0x000000001798c000 nmethod 23940 0x000000000676c5d0 code [0x000000000676c720, 0x000000000676c870]
Event: 4667.431 Thread 0x000000001798c000 23941       2       com.android.tools.r8.code.SgetBoolean::collectIndexedItems (8 bytes)
Event: 4667.432 Thread 0x000000001798c000 nmethod 23941 0x0000000006775990 code [0x0000000006775b00, 0x0000000006775c88]

GC Heap History (10 events):
Event: 3748.833 GC heap before
{Heap before GC invocations=23 (full 4):
 PSYoungGen      total 282112K, used 15534K [0x00000000e0000000, 0x00000000f4880000, 0x0000000100000000)
  eden space 266240K, 0% used [0x00000000e0000000,0x00000000e0000000,0x00000000f0400000)
  from space 15872K, 97% used [0x00000000f2180000,0x00000000f30ab908,0x00000000f3100000)
  to   space 23552K, 0% used [0x00000000f3180000,0x00000000f3180000,0x00000000f4880000)
 ParOldGen       total 81920K, used 54991K [0x00000000a0000000, 0x00000000a5000000, 0x00000000e0000000)
  object space 81920K, 67% used [0x00000000a0000000,0x00000000a35b3f58,0x00000000a5000000)
 Metaspace       used 94287K, capacity 98506K, committed 98600K, reserved 1134592K
  class space    used 12110K, capacity 12917K, committed 12952K, reserved 1048576K
Event: 3749.448 GC heap after
Heap after GC invocations=23 (full 4):
 PSYoungGen      total 282112K, used 0K [0x00000000e0000000, 0x00000000f4880000, 0x0000000100000000)
  eden space 266240K, 0% used [0x00000000e0000000,0x00000000e0000000,0x00000000f0400000)
  from space 15872K, 0% used [0x00000000f2180000,0x00000000f2180000,0x00000000f3100000)
  to   space 23552K, 0% used [0x00000000f3180000,0x00000000f3180000,0x00000000f4880000)
 ParOldGen       total 117760K, used 46053K [0x00000000a0000000, 0x00000000a7300000, 0x00000000e0000000)
  object space 117760K, 39% used [0x00000000a0000000,0x00000000a2cf9758,0x00000000a7300000)
 Metaspace       used 93248K, capacity 96856K, committed 98600K, reserved 1134592K
  class space    used 11892K, capacity 12592K, committed 12952K, reserved 1048576K
}
Event: 3756.468 GC heap before
{Heap before GC invocations=24 (full 4):
 PSYoungGen      total 282112K, used 266240K [0x00000000e0000000, 0x00000000f4880000, 0x0000000100000000)
  eden space 266240K, 100% used [0x00000000e0000000,0x00000000f0400000,0x00000000f0400000)
  from space 15872K, 0% used [0x00000000f2180000,0x00000000f2180000,0x00000000f3100000)
  to   space 23552K, 0% used [0x00000000f3180000,0x00000000f3180000,0x00000000f4880000)
 ParOldGen       total 117760K, used 46053K [0x00000000a0000000, 0x00000000a7300000, 0x00000000e0000000)
  object space 117760K, 39% used [0x00000000a0000000,0x00000000a2cf9758,0x00000000a7300000)
 Metaspace       used 101961K, capacity 106636K, committed 106776K, reserved 1142784K
  class space    used 13236K, capacity 14084K, committed 14104K, reserved 1048576K
Event: 3756.631 GC heap after
Heap after GC invocations=24 (full 4):
 PSYoungGen      total 308736K, used 23528K [0x00000000e0000000, 0x00000000f5500000, 0x0000000100000000)
  eden space 285184K, 0% used [0x00000000e0000000,0x00000000e0000000,0x00000000f1680000)
  from space 23552K, 99% used [0x00000000f3180000,0x00000000f487a0d0,0x00000000f4880000)
  to   space 27648K, 0% used [0x00000000f1680000,0x00000000f1680000,0x00000000f3180000)
 ParOldGen       total 117760K, used 47437K [0x00000000a0000000, 0x00000000a7300000, 0x00000000e0000000)
  object space 117760K, 40% used [0x00000000a0000000,0x00000000a2e534d0,0x00000000a7300000)
 Metaspace       used 101961K, capacity 106636K, committed 106776K, reserved 1142784K
  class space    used 13236K, capacity 14084K, committed 14104K, reserved 1048576K
}
Event: 3792.481 GC heap before
{Heap before GC invocations=25 (full 4):
 PSYoungGen      total 308736K, used 308712K [0x00000000e0000000, 0x00000000f5500000, 0x0000000100000000)
  eden space 285184K, 100% used [0x00000000e0000000,0x00000000f1680000,0x00000000f1680000)
  from space 23552K, 99% used [0x00000000f3180000,0x00000000f487a0d0,0x00000000f4880000)
  to   space 27648K, 0% used [0x00000000f1680000,0x00000000f1680000,0x00000000f3180000)
 ParOldGen       total 117760K, used 47437K [0x00000000a0000000, 0x00000000a7300000, 0x00000000e0000000)
  object space 117760K, 40% used [0x00000000a0000000,0x00000000a2e534d0,0x00000000a7300000)
 Metaspace       used 118781K, capacity 124462K, committed 124824K, reserved 1157120K
  class space    used 15381K, capacity 16414K, committed 16536K, reserved 1048576K
Event: 3792.626 GC heap after
Heap after GC invocations=25 (full 4):
 PSYoungGen      total 312832K, used 27616K [0x00000000e0000000, 0x00000000f7a80000, 0x0000000100000000)
  eden space 285184K, 0% used [0x00000000e0000000,0x00000000e0000000,0x00000000f1680000)
  from space 27648K, 99% used [0x00000000f1680000,0x00000000f3178040,0x00000000f3180000)
  to   space 37888K, 0% used [0x00000000f5580000,0x00000000f5580000,0x00000000f7a80000)
 ParOldGen       total 117760K, used 64425K [0x00000000a0000000, 0x00000000a7300000, 0x00000000e0000000)
  object space 117760K, 54% used [0x00000000a0000000,0x00000000a3eea4a8,0x00000000a7300000)
 Metaspace       used 118781K, capacity 124462K, committed 124824K, reserved 1157120K
  class space    used 15381K, capacity 16414K, committed 16536K, reserved 1048576K
}
Event: 4468.161 GC heap before
{Heap before GC invocations=26 (full 4):
 PSYoungGen      total 312832K, used 312800K [0x00000000e0000000, 0x00000000f7a80000, 0x0000000100000000)
  eden space 285184K, 100% used [0x00000000e0000000,0x00000000f1680000,0x00000000f1680000)
  from space 27648K, 99% used [0x00000000f1680000,0x00000000f3178040,0x00000000f3180000)
  to   space 37888K, 0% used [0x00000000f5580000,0x00000000f5580000,0x00000000f7a80000)
 ParOldGen       total 117760K, used 64425K [0x00000000a0000000, 0x00000000a7300000, 0x00000000e0000000)
  object space 117760K, 54% used [0x00000000a0000000,0x00000000a3eea4a8,0x00000000a7300000)
 Metaspace       used 128028K, capacity 134178K, committed 134424K, reserved 1167360K
  class space    used 16281K, capacity 17410K, committed 17432K, reserved 1048576K
Event: 4468.368 GC heap after
Heap after GC invocations=26 (full 4):
 PSYoungGen      total 341504K, used 37882K [0x00000000e0000000, 0x00000000f8580000, 0x0000000100000000)
  eden space 303616K, 0% used [0x00000000e0000000,0x00000000e0000000,0x00000000f2880000)
  from space 37888K, 99% used [0x00000000f5580000,0x00000000f7a7e8d0,0x00000000f7a80000)
  to   space 46080K, 0% used [0x00000000f2880000,0x00000000f2880000,0x00000000f5580000)
 ParOldGen       total 117760K, used 69657K [0x00000000a0000000, 0x00000000a7300000, 0x00000000e0000000)
  object space 117760K, 59% used [0x00000000a0000000,0x00000000a4406698,0x00000000a7300000)
 Metaspace       used 128028K, capacity 134178K, committed 134424K, reserved 1167360K
  class space    used 16281K, capacity 17410K, committed 17432K, reserved 1048576K
}
Event: 4664.171 GC heap before
{Heap before GC invocations=27 (full 4):
 PSYoungGen      total 341504K, used 341498K [0x00000000e0000000, 0x00000000f8580000, 0x0000000100000000)
  eden space 303616K, 100% used [0x00000000e0000000,0x00000000f2880000,0x00000000f2880000)
  from space 37888K, 99% used [0x00000000f5580000,0x00000000f7a7e8d0,0x00000000f7a80000)
  to   space 46080K, 0% used [0x00000000f2880000,0x00000000f2880000,0x00000000f5580000)
 ParOldGen       total 117760K, used 69657K [0x00000000a0000000, 0x00000000a7300000, 0x00000000e0000000)
  object space 117760K, 59% used [0x00000000a0000000,0x00000000a4406698,0x00000000a7300000)
 Metaspace       used 135785K, capacity 142882K, committed 143128K, reserved 1173504K
  class space    used 17396K, capacity 18652K, committed 18712K, reserved 1048576K
Event: 4664.331 GC heap after
Heap after GC invocations=27 (full 4):
 PSYoungGen      total 349696K, used 19746K [0x00000000e0000000, 0x00000000f8f80000, 0x0000000100000000)
  eden space 303616K, 0% used [0x00000000e0000000,0x00000000e0000000,0x00000000f2880000)
  from space 46080K, 42% used [0x00000000f2880000,0x00000000f3bc8b88,0x00000000f5580000)
  to   space 43520K, 0% used [0x00000000f6500000,0x00000000f6500000,0x00000000f8f80000)
 ParOldGen       total 117760K, used 83865K [0x00000000a0000000, 0x00000000a7300000, 0x00000000e0000000)
  object space 117760K, 71% used [0x00000000a0000000,0x00000000a51e6540,0x00000000a7300000)
 Metaspace       used 135785K, capacity 142882K, committed 143128K, reserved 1173504K
  class space    used 17396K, capacity 18652K, committed 18712K, reserved 1048576K
}

Deoptimization events (10 events):
Event: 4666.098 Thread 0x000000001c204000 Uncommon trap: reason=bimorphic action=maybe_recompile pc=0x0000000006268d0c method=com.sun.tools.javac.tree.TreeInfo.flags(Lcom/sun/tools/javac/tree/JCTree;)J @ 4
Event: 4666.103 Thread 0x000000001c204000 Uncommon trap: reason=bimorphic action=maybe_recompile pc=0x0000000006268d0c method=com.sun.tools.javac.tree.TreeInfo.flags(Lcom/sun/tools/javac/tree/JCTree;)J @ 4
Event: 4666.108 Thread 0x000000001c204000 Uncommon trap: reason=bimorphic action=maybe_recompile pc=0x0000000006268d0c method=com.sun.tools.javac.tree.TreeInfo.flags(Lcom/sun/tools/javac/tree/JCTree;)J @ 4
Event: 4666.108 Thread 0x000000001c204000 Uncommon trap: reason=bimorphic action=maybe_recompile pc=0x0000000006268d0c method=com.sun.tools.javac.tree.TreeInfo.flags(Lcom/sun/tools/javac/tree/JCTree;)J @ 4
Event: 4666.115 Thread 0x000000001c204000 Uncommon trap: reason=unstable_if action=reinterpret pc=0x0000000006292230 method=com.sun.tools.javac.model.FilteredMemberList.unwanted(Lcom/sun/tools/javac/code/Symbol;)Z @ 14
Event: 4666.125 Thread 0x000000001c204000 Uncommon trap: reason=class_check action=maybe_recompile pc=0x000000000630a200 method=com.sun.tools.javac.comp.Attr.attribLazyConstantValue(Lcom/sun/tools/javac/comp/Env;Lcom/sun/tools/javac/tree/JCTree$JCVariableDecl;Lcom/sun/tools/javac/code/Type;)Ljava
Event: 4666.147 Thread 0x000000001c204000 Uncommon trap: reason=class_check action=maybe_recompile pc=0x000000000630a200 method=com.sun.tools.javac.comp.Attr.attribLazyConstantValue(Lcom/sun/tools/javac/comp/Env;Lcom/sun/tools/javac/tree/JCTree$JCVariableDecl;Lcom/sun/tools/javac/code/Type;)Ljava
Event: 4666.147 Thread 0x000000001c204000 Uncommon trap: reason=class_check action=maybe_recompile pc=0x00000000052f5964 method=com.sun.tools.javac.code.Type.isCompound()Z @ 14
Event: 4666.154 Thread 0x000000001c204000 Uncommon trap: reason=class_check action=maybe_recompile pc=0x000000000630a200 method=com.sun.tools.javac.comp.Attr.attribLazyConstantValue(Lcom/sun/tools/javac/comp/Env;Lcom/sun/tools/javac/tree/JCTree$JCVariableDecl;Lcom/sun/tools/javac/code/Type;)Ljava
Event: 4667.053 Thread 0x000000001c208800 Uncommon trap: reason=unloaded action=reinterpret pc=0x000000000655033c method=com.android.tools.r8.code.BaseInstructionFactory.create(IILcom/android/tools/r8/code/BytecodeStream;Lcom/android/tools/r8/graph/OffsetToObjectMapping;)Lcom/android/tools/r8/cod

Classes redefined (0 events):
No events

Internal exceptions (10 events):
Event: 4664.146 Thread 0x0000000019d07800 Exception <a 'sun/nio/fs/WindowsException'> (0x00000000f2754680) thrown at [D:\src\AOSP-openjdk-cygwin\jdk8u\hotspot\src\share\vm\prims\jni.cpp, line 709]
Event: 4664.146 Thread 0x0000000019d07800 Exception <a 'sun/nio/fs/WindowsException'> (0x00000000f2755298) thrown at [D:\src\AOSP-openjdk-cygwin\jdk8u\hotspot\src\share\vm\prims\jni.cpp, line 709]
Event: 4664.891 Thread 0x000000001c1fe800 Implicit null exception at 0x00000000040a054f to 0x00000000040a1179
Event: 4666.599 Thread 0x000000001c207000 Exception <a 'sun/nio/fs/WindowsException'> (0x00000000e4cc06d0) thrown at [D:\src\AOSP-openjdk-cygwin\jdk8u\hotspot\src\share\vm\prims\jni.cpp, line 709]
Event: 4666.599 Thread 0x000000001c205800 Exception <a 'sun/nio/fs/WindowsException'> (0x00000000e4ceb140) thrown at [D:\src\AOSP-openjdk-cygwin\jdk8u\hotspot\src\share\vm\prims\jni.cpp, line 709]
Event: 4666.615 Thread 0x000000001c205800 Exception <a 'sun/nio/fs/WindowsException'> (0x00000000e4d96898) thrown at [D:\src\AOSP-openjdk-cygwin\jdk8u\hotspot\src\share\vm\prims\jni.cpp, line 709]
Event: 4666.690 Thread 0x000000001c207000 Exception <a 'sun/nio/fs/WindowsException'> (0x00000000e50a6900) thrown at [D:\src\AOSP-openjdk-cygwin\jdk8u\hotspot\src\share\vm\prims\jni.cpp, line 709]
Event: 4666.692 Thread 0x000000001c207000 Exception <a 'sun/nio/fs/WindowsException'> (0x00000000e50ae670) thrown at [D:\src\AOSP-openjdk-cygwin\jdk8u\hotspot\src\share\vm\prims\jni.cpp, line 709]
Event: 4666.694 Thread 0x000000001c207000 Exception <a 'sun/nio/fs/WindowsException'> (0x00000000e50b3778) thrown at [D:\src\AOSP-openjdk-cygwin\jdk8u\hotspot\src\share\vm\prims\jni.cpp, line 709]
Event: 4666.967 Thread 0x000000001c20b800 Exception <a 'sun/nio/fs/WindowsException'> (0x00000000e557ffe0) thrown at [D:\src\AOSP-openjdk-cygwin\jdk8u\hotspot\src\share\vm\prims\jni.cpp, line 709]

Events (10 events):
Event: 4667.419 Thread 0x000000001c20b800 DEOPT PACKING pc=0x00000000065a201c sp=0x000000003661e2b0
Event: 4667.419 Thread 0x000000001c20b800 DEOPT UNPACKING pc=0x0000000002c475d0 sp=0x000000003661e0d0 mode 0
Event: 4667.424 Thread 0x000000001c20b800 DEOPT PACKING pc=0x00000000065a201c sp=0x000000003661e2b0
Event: 4667.424 Thread 0x000000001c20b800 DEOPT UNPACKING pc=0x0000000002c475d0 sp=0x000000003661e0d0 mode 0
Event: 4667.430 Thread 0x000000001c20b800 DEOPT PACKING pc=0x00000000065a201c sp=0x000000003661e2b0
Event: 4667.430 Thread 0x000000001c20b800 DEOPT UNPACKING pc=0x0000000002c475d0 sp=0x000000003661e0d0 mode 0
Event: 4667.435 Thread 0x000000001c20b800 DEOPT PACKING pc=0x00000000065a201c sp=0x000000003661e2b0
Event: 4667.435 Thread 0x000000001c20b800 DEOPT UNPACKING pc=0x0000000002c475d0 sp=0x000000003661e0d0 mode 0
Event: 4667.441 Thread 0x000000001c20b800 DEOPT PACKING pc=0x00000000065a201c sp=0x000000003661e2b0
Event: 4667.441 Thread 0x000000001c20b800 DEOPT UNPACKING pc=0x0000000002c475d0 sp=0x000000003661e0d0 mode 0


Dynamic libraries:
0x00007ff6cf8e0000 - 0x00007ff6cf911000 	C:\Program Files\Android\Android Studio\jre\bin\java.exe
0x00007ffa8a460000 - 0x00007ffa8a641000 	C:\WINDOWS\SYSTEM32\ntdll.dll
0x00007ffa899e0000 - 0x00007ffa89a91000 	C:\WINDOWS\System32\KERNEL32.DLL
0x00007ffa875c0000 - 0x00007ffa87833000 	C:\WINDOWS\System32\KERNELBASE.dll
0x00007ffa8a180000 - 0x00007ffa8a221000 	C:\WINDOWS\System32\ADVAPI32.dll
0x00007ffa87c80000 - 0x00007ffa87d1e000 	C:\WINDOWS\System32\msvcrt.dll
0x00007ffa87d40000 - 0x00007ffa87d9b000 	C:\WINDOWS\System32\sechost.dll
0x00007ffa88260000 - 0x00007ffa88384000 	C:\WINDOWS\System32\RPCRT4.dll
0x00007ffa878f0000 - 0x00007ffa87a80000 	C:\WINDOWS\System32\USER32.dll
0x00007ffa869e0000 - 0x00007ffa86a00000 	C:\WINDOWS\System32\win32u.dll
0x00007ffa89950000 - 0x00007ffa89978000 	C:\WINDOWS\System32\GDI32.dll
0x00007ffa86a80000 - 0x00007ffa86c12000 	C:\WINDOWS\System32\gdi32full.dll
0x00007ffa87520000 - 0x00007ffa875bf000 	C:\WINDOWS\System32\msvcp_win.dll
0x00007ffa86830000 - 0x00007ffa86928000 	C:\WINDOWS\System32\ucrtbase.dll
0x00007ffa78e00000 - 0x00007ffa79069000 	C:\WINDOWS\WinSxS\amd64_microsoft.windows.common-controls_6595b64144ccf1df_6.0.17134.765_none_fb42a1a930655896\COMCTL32.dll
0x00007ffa87db0000 - 0x00007ffa880d2000 	C:\WINDOWS\System32\combase.dll
0x00007ffa86a00000 - 0x00007ffa86a7a000 	C:\WINDOWS\System32\bcryptPrimitives.dll
0x00007ffa89920000 - 0x00007ffa8994d000 	C:\WINDOWS\System32\IMM32.DLL
0x000000006fdc0000 - 0x000000006fe92000 	C:\Program Files\Android\Android Studio\jre\jre\bin\msvcr100.dll
0x000000006ff80000 - 0x00000000707c1000 	C:\Program Files\Android\Android Studio\jre\jre\bin\server\jvm.dll
0x00007ffa8a170000 - 0x00007ffa8a178000 	C:\WINDOWS\System32\PSAPI.DLL
0x00007ffa81450000 - 0x00007ffa81473000 	C:\WINDOWS\SYSTEM32\WINMM.dll
0x00007ffa84eb0000 - 0x00007ffa84eba000 	C:\WINDOWS\SYSTEM32\VERSION.dll
0x00007ffa81420000 - 0x00007ffa8144a000 	C:\WINDOWS\SYSTEM32\WINMMBASE.dll
0x00007ffa86930000 - 0x00007ffa86979000 	C:\WINDOWS\System32\cfgmgr32.dll
0x00007ffa77c90000 - 0x00007ffa77c99000 	C:\WINDOWS\SYSTEM32\WSOCK32.dll
0x00007ffa89b40000 - 0x00007ffa89bac000 	C:\WINDOWS\System32\WS2_32.dll
0x00007ffa6d2e0000 - 0x00007ffa6d2ef000 	C:\Program Files\Android\Android Studio\jre\jre\bin\verify.dll
0x00007ffa6b820000 - 0x00007ffa6b849000 	C:\Program Files\Android\Android Studio\jre\jre\bin\java.dll
0x00007ffa6cee0000 - 0x00007ffa6cef6000 	C:\Program Files\Android\Android Studio\jre\jre\bin\zip.dll
0x00007ffa88390000 - 0x00007ffa897d0000 	C:\WINDOWS\System32\SHELL32.dll
0x00007ffa87a80000 - 0x00007ffa87b29000 	C:\WINDOWS\System32\shcore.dll
0x00007ffa86c20000 - 0x00007ffa8732d000 	C:\WINDOWS\System32\windows.storage.dll
0x00007ffa89980000 - 0x00007ffa899d1000 	C:\WINDOWS\System32\shlwapi.dll
0x00007ffa86810000 - 0x00007ffa86821000 	C:\WINDOWS\System32\kernel.appcore.dll
0x00007ffa867c0000 - 0x00007ffa867df000 	C:\WINDOWS\System32\profapi.dll
0x00007ffa86770000 - 0x00007ffa867bc000 	C:\WINDOWS\System32\powrprof.dll
0x00007ffa867e0000 - 0x00007ffa867ea000 	C:\WINDOWS\System32\FLTLIB.DLL
0x00007ffa6cd90000 - 0x00007ffa6cdaa000 	C:\Program Files\Android\Android Studio\jre\jre\bin\net.dll
0x00007ffa85ff0000 - 0x00007ffa86056000 	C:\WINDOWS\system32\mswsock.dll
0x00007ffa6a470000 - 0x00007ffa6a481000 	C:\Program Files\Android\Android Studio\jre\jre\bin\nio.dll
0x00007ffa56910000 - 0x00007ffa5692e000 	C:\Users\Administrator\.gradle\native\25\windows-amd64\native-platform.dll
0x00007ffa6d2d0000 - 0x00007ffa6d2dd000 	C:\Program Files\Android\Android Studio\jre\jre\bin\management.dll
0x00007ffa861a0000 - 0x00007ffa861b7000 	C:\WINDOWS\SYSTEM32\CRYPTSP.dll
0x00007ffa85bd0000 - 0x00007ffa85c03000 	C:\WINDOWS\system32\rsaenh.dll
0x00007ffa862d0000 - 0x00007ffa862f5000 	C:\WINDOWS\SYSTEM32\bcrypt.dll
0x00007ffa86670000 - 0x00007ffa86698000 	C:\WINDOWS\SYSTEM32\USERENV.dll
0x00007ffa861c0000 - 0x00007ffa861cb000 	C:\WINDOWS\SYSTEM32\CRYPTBASE.dll
0x00007ffa85d70000 - 0x00007ffa85da8000 	C:\WINDOWS\SYSTEM32\IPHLPAPI.DLL
0x00007ffa8a000000 - 0x00007ffa8a008000 	C:\WINDOWS\System32\NSI.dll
0x00007ffa7ded0000 - 0x00007ffa7dee6000 	C:\WINDOWS\SYSTEM32\dhcpcsvc6.DLL
0x00007ffa7e2b0000 - 0x00007ffa7e2ca000 	C:\WINDOWS\SYSTEM32\dhcpcsvc.DLL

VM Arguments:
jvm_args: -Xmx1536m -Dfile.encoding=x-windows-949 -Duser.country=KR -Duser.language=ko -Duser.variant 
java_command: org.gradle.launcher.daemon.bootstrap.GradleDaemon 5.1.1
java_class_path (initial): C:\Users\Administrator\.gradle\wrapper\dists\gradle-5.1.1-all\97z1ksx6lirer3kbvdnh7jtjg\gradle-5.1.1\lib\gradle-launcher-5.1.1.jar
Launcher Type: SUN_STANDARD

Environment Variables:
JAVA_HOME=C:\Program Files\Java\jdk1.8.0_191
PATH=C:\Program Files (x86)\NAT Service;C:\Program Files\Java\jdk1.8.0_191\bin;C:\oraclexe\app\oracle\product\11.2.0\server\bin;C:\Program Files (x86)\Intel\iCLS Client\;C:\Program Files\Intel\iCLS Client\;C:\WINDOWS\system32;C:\WINDOWS;C:\WINDOWS\System32\Wbem;C:\WINDOWS\System32\WindowsPowerShell\v1.0\;C:\Program Files (x86)\Intel\OpenCL SDK\3.0\bin\x86;C:\Program Files (x86)\Intel\OpenCL SDK\3.0\bin\x64;C:\Program Files\Intel\Intel(R) Management Engine Components\DAL;C:\Program Files\Intel\Intel(R) Management Engine Components\IPT;C:\Program Files (x86)\Intel\Intel(R) Management Engine Components\DAL;C:\Program Files (x86)\Intel\Intel(R) Management Engine Components\IPT;C:\Program Files\Intel\WiFi\bin\;C:\Program Files\Common Files\Intel\WirelessCommon\;C:\WINDOWS\system32\config\systemprofile\.dnx\bin;C:\Program Files\Microsoft DNX\Dnvm\;C:\Program Files\Microsoft SQL Server\130\Tools\Binn\;C:\Program Files (x86)\Windows Kits\8.1\Windows Performance Toolkit\;C:\WINDOWS\System32\OpenSSH\;C:\Program Files\Git\cmd;C:\Users\Administrator\AppData\Roaming\nvm;C:\Program Files\nodejs;C:\Program Files\IBM\Cloud\bin;C:\Program Files\Intel\WiFi\bin\;C:\Program Files\Common Files\Intel\WirelessCommon\;C:\Users\Administrator\AppData\Local\Microsoft\WindowsApps;C:\Users\Administrator\AppData\Local\GitHubDesktop\bin;C:\Users\Administrator\AppData\Roaming\npm;C:\Users\Administrator\AppData\Local\Programs\Microsoft VS Code\bin;C:\Users\Administrator\AppData\Roaming\nvm;C:\Program Files\nodejs
USERNAME=Administrator
OS=Windows_NT
PROCESSOR_IDENTIFIER=Intel64 Family 6 Model 69 Stepping 1, GenuineIntel



---------------  S Y S T E M  ---------------

OS: Windows 10.0 , 64 bit Build 17134 (10.0.17134.753)

CPU:total 4 (initial active 4) (2 cores per cpu, 2 threads per core) family 6 model 69 stepping 1, cmov, cx8, fxsr, mmx, sse, sse2, sse3, ssse3, sse4.1, sse4.2, popcnt, avx, avx2, aes, clmul, erms, lzcnt, ht, tsc, tscinvbit, bmi1, bmi2

Memory: 4k page, physical 4099872k(321624k free), swap 6197024k(3088k free)

vm_info: OpenJDK 64-Bit Server VM (25.152-b01) for windows-amd64 JRE (1.8.0_152-release-1343-b01), built by "builder" with MS VC++ 10.0 (VS2010)

time: Sun Jun 02 04:25:18 2019
elapsed time: 4667 seconds (0d 1h 17m 47s)

